app/build/intermediates/manifest_merge_blame_file/debug/manifest-merger-blame-debug-report.txt
1<?xml version="1.0" encoding="utf-8"?>
2<manifest xmlns:android="http://schemas.android.com/apk/res/android"
3    package="com.softbankrobotics.pepperapplauncher"
4    android:versionCode="130"
5    android:versionName="1.3.0" >
6
7    <uses-sdk
8        android:minSdkVersion="23"
8-->src/main/AndroidManifest.xml
9        android:targetSdkVersion="30" />
9-->src/main/AndroidManifest.xml
10
11    <uses-permission android:name="android.permission.SYSTEM_ALERT_WINDOW" />
11-->src/main/AndroidManifest.xml:5:5-78
11-->src/main/AndroidManifest.xml:5:22-75
12
13    <uses-feature android:name="com.softbank.hardware.pepper" />
13-->src/main/AndroidManifest.xml:26:5-64
13-->src/main/AndroidManifest.xml:26:19-62
14
15    <uses-permission android:name="com.aldebaran.permission.ROBOT" />
15-->[com.aldebaran:qisdk:1.7.5] AndroidManifest.xml:10:5-70
15-->[com.aldebaran:qisdk:1.7.5] AndroidManifest.xml:10:22-67
16    <uses-permission android:name="android.permission.INTERNET" />
16-->[com.aldebaran:qisdk:1.7.5] AndroidManifest.xml:11:5-67
16-->[com.aldebaran:qisdk:1.7.5] AndroidManifest.xml:11:22-64
17
18    <application
18-->src/main/AndroidManifest.xml:7:5-24:19
19        android:allowBackup="true"
19-->src/main/AndroidManifest.xml:8:9-35
20        android:appComponentFactory="androidx.core.app.CoreComponentFactory"
20-->[androidx.core:core:1.3.1] AndroidManifest.xml:24:18-86
21        android:debuggable="true"
22        android:extractNativeLibs="false"
23        android:icon="@mipmap/ic_launcher"
23-->src/main/AndroidManifest.xml:9:9-43
24        android:label="@string/app_name"
24-->src/main/AndroidManifest.xml:10:9-41
25        android:roundIcon="@mipmap/ic_launcher_round"
25-->src/main/AndroidManifest.xml:11:9-54
26        android:supportsRtl="true"
26-->src/main/AndroidManifest.xml:12:9-35
27        android:testOnly="true"
28        android:theme="@style/Theme.AppCompat.Light.NoActionBar" >
28-->src/main/AndroidManifest.xml:13:9-65
29        <service android:name="com.softbankrobotics.pepperapplauncher.OverlayPopupService" />
29-->src/main/AndroidManifest.xml:15:9-56
29-->src/main/AndroidManifest.xml:15:18-53
30        <service android:name="com.softbankrobotics.pepperapplauncher.OverlayBtnCloseService" />
30-->src/main/AndroidManifest.xml:16:9-58
30-->src/main/AndroidManifest.xml:16:18-56
31
32        <activity android:name="com.softbankrobotics.pepperapplauncher.MainActivity" >
32-->src/main/AndroidManifest.xml:17:9-23:20
32-->src/main/AndroidManifest.xml:17:19-47
33            <intent-filter>
33-->src/main/AndroidManifest.xml:18:13-22:29
34                <action android:name="android.intent.action.MAIN" />
34-->src/main/AndroidManifest.xml:19:17-69
34-->src/main/AndroidManifest.xml:19:25-66
35
36                <category android:name="android.intent.category.LAUNCHER" />
36-->src/main/AndroidManifest.xml:21:17-77
36-->src/main/AndroidManifest.xml:21:27-74
37            </intent-filter>
38        </activity>
39
40        <meta-data
40-->[com.aldebaran:qisdk:1.7.5] AndroidManifest.xml:16:9-18:53
41            android:name="qisdk_version"
41-->[com.aldebaran:qisdk:1.7.5] AndroidManifest.xml:17:13-41
42            android:value="@string/qisdk_version" />
42-->[com.aldebaran:qisdk:1.7.5] AndroidManifest.xml:18:13-50
43    </application>
44
45</manifest>